<?xml version="1.0" encoding="UTF-8"?>
<coverage generated="1550909868628" clover="3.2.0">
  <project timestamp="1550909868628" name="All files">
    <metrics statements="17" coveredstatements="17" conditionals="12" coveredconditionals="6" methods="9" coveredmethods="9" elements="38" coveredelements="32" complexity="0" loc="17" ncloc="17" packages="1" files="2" classes="2">
      <file name="chimee.vue" path="D:\my-blog\docs\.vuepress\components\chimee.vue">
        <metrics statements="7" coveredstatements="7" conditionals="6" coveredconditionals="3" methods="4" coveredmethods="4"/>
        <line num="1" count="1" type="stmt"/>
        <line num="4" count="1" type="stmt"/>
        <line num="11" count="1" type="stmt"/>
        <line num="14" count="1" type="stmt"/>
        <line num="30" count="1" type="cond" truecount="2" falsecount="2"/>
        <line num="31" count="1" type="cond" truecount="1" falsecount="1"/>
        <line num="32" count="1" type="stmt"/>
      </file>
      <file name="hello.vue" path="D:\my-blog\docs\.vuepress\components\hello.vue">
        <metrics statements="10" coveredstatements="10" conditionals="6" coveredconditionals="3" methods="5" coveredmethods="5"/>
        <line num="1" count="1" type="stmt"/>
        <line num="4" count="1" type="stmt"/>
        <line num="14" count="1" type="stmt"/>
        <line num="17" count="1" type="stmt"/>
        <line num="18" count="1" type="stmt"/>
        <line num="22" count="2" type="stmt"/>
        <line num="25" count="2" type="stmt"/>
        <line num="30" count="1" type="cond" truecount="2" falsecount="2"/>
        <line num="31" count="1" type="cond" truecount="1" falsecount="1"/>
        <line num="32" count="1" type="stmt"/>
      </file>
    </metrics>
  </project>
</coverage>
