{"D:\\my-blog\\docs\\.vuepress\\components\\chimee.vue": {"path":"D:\\my-blog\\docs\\.vuepress\\components\\chimee.vue","statementMap":{"0":{"start":{"line":1,"column":1},"end":{"line":29,"column":4}},"1":{"start":{"line":4,"column":0},"end":{"line":6,"column":3}},"2":{"start":{"line":11,"column":0},"end":{"line":28,"column":2}},"3":{"start":{"line":14,"column":4},"end":{"line":16,"column":6}},"4":{"start":{"line":30,"column":20},"end":{"line":30,"column":89}},"5":{"start":{"line":30,"column":114},"end":{"line":30,"column":187}},"6":{"start":{"line":31,"column":0},"end":{"line":31,"column":185}},"7":{"start":{"line":31,"column":54},"end":{"line":31,"column":58}},"8":{"start":{"line":31,"column":66},"end":{"line":31,"column":84}},"9":{"start":{"line":31,"column":92},"end":{"line":31,"column":108}},"10":{"start":{"line":31,"column":109},"end":{"line":31,"column":184}},"11":{"start":{"line":32,"column":0},"end":{"line":32,"column":37}}},"fnMap":{"0":{"name":"(anonymous_0)","decl":{"start":{"line":1,"column":2},"end":{"line":1,"column":3}},"loc":{"start":{"line":1,"column":12},"end":{"line":29,"column":1}},"line":1},"1":{"name":"data","decl":{"start":{"line":13,"column":17},"end":{"line":13,"column":21}},"loc":{"start":{"line":13,"column":24},"end":{"line":17,"column":3}},"line":13},"2":{"name":"mounted","decl":{"start":{"line":18,"column":20},"end":{"line":18,"column":27}},"loc":{"start":{"line":18,"column":30},"end":{"line":27,"column":3}},"line":18},"3":{"name":"render","decl":{"start":{"line":31,"column":35},"end":{"line":31,"column":41}},"loc":{"start":{"line":31,"column":45},"end":{"line":31,"column":185}},"line":31}},"branchMap":{"0":{"loc":{"start":{"line":30,"column":20},"end":{"line":30,"column":89}},"type":"cond-expr","locations":[{"start":{"line":30,"column":50},"end":{"line":30,"column":72}},{"start":{"line":30,"column":75},"end":{"line":30,"column":89}}],"line":30},"1":{"loc":{"start":{"line":30,"column":114},"end":{"line":30,"column":187}},"type":"cond-expr","locations":[{"start":{"line":30,"column":151},"end":{"line":30,"column":172}},{"start":{"line":30,"column":174},"end":{"line":30,"column":187}}],"line":30},"2":{"loc":{"start":{"line":31,"column":92},"end":{"line":31,"column":108}},"type":"binary-expr","locations":[{"start":{"line":31,"column":92},"end":{"line":31,"column":104}},{"start":{"line":31,"column":106},"end":{"line":31,"column":108}}],"line":31}},"s":{"0":1,"1":1,"2":1,"3":1,"4":1,"5":1,"6":1,"7":1,"8":1,"9":1,"10":1,"11":1},"f":{"0":1,"1":1,"2":1,"3":1},"b":{"0":[1,0],"1":[0,1],"2":[1,0]},"_coverageSchema":"332fd63041d2c1bcb487cc26dd0d5f7d97098a6c","hash":"a573c91355d42a13fa515be54f721698226be793"}
,"D:\\my-blog\\docs\\.vuepress\\components\\hello.vue": {"path":"D:\\my-blog\\docs\\.vuepress\\components\\hello.vue","statementMap":{"0":{"start":{"line":1,"column":1},"end":{"line":29,"column":4}},"1":{"start":{"line":4,"column":0},"end":{"line":6,"column":3}},"2":{"start":{"line":14,"column":0},"end":{"line":28,"column":2}},"3":{"start":{"line":17,"column":4},"end":{"line":17,"column":19}},"4":{"start":{"line":18,"column":4},"end":{"line":18,"column":22}},"5":{"start":{"line":22,"column":6},"end":{"line":22,"column":19}},"6":{"start":{"line":25,"column":6},"end":{"line":25,"column":19}},"7":{"start":{"line":30,"column":20},"end":{"line":30,"column":89}},"8":{"start":{"line":30,"column":114},"end":{"line":30,"column":187}},"9":{"start":{"line":31,"column":0},"end":{"line":31,"column":205}},"10":{"start":{"line":31,"column":54},"end":{"line":31,"column":58}},"11":{"start":{"line":31,"column":66},"end":{"line":31,"column":84}},"12":{"start":{"line":31,"column":92},"end":{"line":31,"column":108}},"13":{"start":{"line":31,"column":109},"end":{"line":31,"column":204}},"14":{"start":{"line":32,"column":0},"end":{"line":32,"column":37}}},"fnMap":{"0":{"name":"(anonymous_0)","decl":{"start":{"line":1,"column":2},"end":{"line":1,"column":3}},"loc":{"start":{"line":1,"column":12},"end":{"line":29,"column":1}},"line":1},"1":{"name":"mounted","decl":{"start":{"line":16,"column":20},"end":{"line":16,"column":27}},"loc":{"start":{"line":16,"column":30},"end":{"line":19,"column":3}},"line":16},"2":{"name":"add","decl":{"start":{"line":21,"column":18},"end":{"line":21,"column":21}},"loc":{"start":{"line":21,"column":28},"end":{"line":23,"column":5}},"line":21},"3":{"name":"reduce","decl":{"start":{"line":24,"column":21},"end":{"line":24,"column":27}},"loc":{"start":{"line":24,"column":34},"end":{"line":26,"column":5}},"line":24},"4":{"name":"render","decl":{"start":{"line":31,"column":35},"end":{"line":31,"column":41}},"loc":{"start":{"line":31,"column":45},"end":{"line":31,"column":205}},"line":31}},"branchMap":{"0":{"loc":{"start":{"line":30,"column":20},"end":{"line":30,"column":89}},"type":"cond-expr","locations":[{"start":{"line":30,"column":50},"end":{"line":30,"column":72}},{"start":{"line":30,"column":75},"end":{"line":30,"column":89}}],"line":30},"1":{"loc":{"start":{"line":30,"column":114},"end":{"line":30,"column":187}},"type":"cond-expr","locations":[{"start":{"line":30,"column":151},"end":{"line":30,"column":172}},{"start":{"line":30,"column":174},"end":{"line":30,"column":187}}],"line":30},"2":{"loc":{"start":{"line":31,"column":92},"end":{"line":31,"column":108}},"type":"binary-expr","locations":[{"start":{"line":31,"column":92},"end":{"line":31,"column":104}},{"start":{"line":31,"column":106},"end":{"line":31,"column":108}}],"line":31}},"s":{"0":1,"1":1,"2":1,"3":1,"4":1,"5":2,"6":2,"7":1,"8":1,"9":1,"10":1,"11":1,"12":1,"13":1,"14":1},"f":{"0":1,"1":1,"2":2,"3":2,"4":1},"b":{"0":[1,0],"1":[0,1],"2":[1,0]},"_coverageSchema":"332fd63041d2c1bcb487cc26dd0d5f7d97098a6c","hash":"bcbc4740c058202d78c09b800a91619b82ab640c"}
}
