{"D:\\my-blog\\docs\\.vuepress\\components\\hello.vue": {"path":"D:\\my-blog\\docs\\.vuepress\\components\\hello.vue","statementMap":{"0":{"start":{"line":12,"column":0},"end":{"line":12,"column":null}},"1":{"start":{"line":13,"column":0},"end":{"line":13,"column":null}},"2":{"start":{"line":17,"column":0},"end":{"line":17,"column":null}},"3":{"start":{"line":20,"column":0},"end":{"line":20,"column":null}}},"fnMap":{"0":{"name":"mounted","decl":{"start":{"line":11,"column":0},"end":{"line":11,"column":null}},"loc":{"start":{"line":11,"column":0},"end":{"line":14,"column":null}}},"1":{"name":"add","decl":{"start":{"line":16,"column":0},"end":{"line":16,"column":null}},"loc":{"start":{"line":16,"column":0},"end":{"line":18,"column":null}}},"2":{"name":"reduce","decl":{"start":{"line":19,"column":0},"end":{"line":19,"column":null}},"loc":{"start":{"line":19,"column":0},"end":{"line":21,"column":null}}}},"branchMap":{},"s":{"0":1,"1":1,"2":2,"3":2},"f":{"0":1,"1":2,"2":2},"b":{}}
,"D:\\my-blog\\docs\\.vuepress\\utils\\request.js": {"path":"D:\\my-blog\\docs\\.vuepress\\utils\\request.js","statementMap":{"0":{"start":{"line":1,"column":14},"end":{"line":1,"column":30}},"1":{"start":{"line":4,"column":8},"end":{"line":4,"column":30}},"2":{"start":{"line":7,"column":8},"end":{"line":10,"column":9}},"3":{"start":{"line":14,"column":8},"end":{"line":19,"column":10}},"4":{"start":{"line":15,"column":28},"end":{"line":15,"column":31}},"5":{"start":{"line":16,"column":12},"end":{"line":16,"column":23}},"6":{"start":{"line":18,"column":12},"end":{"line":18,"column":40}},"7":{"start":{"line":23,"column":25},"end":{"line":23,"column":39}},"8":{"start":{"line":24,"column":8},"end":{"line":24,"column":64}},"9":{"start":{"line":25,"column":8},"end":{"line":25,"column":35}},"10":{"start":{"line":26,"column":8},"end":{"line":26,"column":32}},"11":{"start":{"line":33,"column":0},"end":{"line":39,"column":1}},"12":{"start":{"line":34,"column":17},"end":{"line":34,"column":57}},"13":{"start":{"line":35,"column":4},"end":{"line":38,"column":6}},"14":{"start":{"line":41,"column":0},"end":{"line":51,"column":1}},"15":{"start":{"line":42,"column":17},"end":{"line":42,"column":57}},"16":{"start":{"line":43,"column":4},"end":{"line":50,"column":6}},"17":{"start":{"line":49,"column":8},"end":{"line":49,"column":16}}},"fnMap":{"0":{"name":"(anonymous_0)","decl":{"start":{"line":3,"column":4},"end":{"line":3,"column":5}},"loc":{"start":{"line":3,"column":50},"end":{"line":5,"column":5}},"line":3},"1":{"name":"(anonymous_1)","decl":{"start":{"line":6,"column":4},"end":{"line":6,"column":5}},"loc":{"start":{"line":6,"column":22},"end":{"line":11,"column":5}},"line":6},"2":{"name":"(anonymous_2)","decl":{"start":{"line":13,"column":4},"end":{"line":13,"column":5}},"loc":{"start":{"line":13,"column":26},"end":{"line":20,"column":5}},"line":13},"3":{"name":"(anonymous_3)","decl":{"start":{"line":14,"column":43},"end":{"line":14,"column":44}},"loc":{"start":{"line":14,"column":50},"end":{"line":17,"column":9}},"line":14},"4":{"name":"(anonymous_4)","decl":{"start":{"line":17,"column":11},"end":{"line":17,"column":12}},"loc":{"start":{"line":17,"column":20},"end":{"line":19,"column":9}},"line":17},"5":{"name":"(anonymous_5)","decl":{"start":{"line":22,"column":4},"end":{"line":22,"column":5}},"loc":{"start":{"line":22,"column":20},"end":{"line":27,"column":5}},"line":22},"6":{"name":"(anonymous_6)","decl":{"start":{"line":33,"column":33},"end":{"line":33,"column":34}},"loc":{"start":{"line":33,"column":54},"end":{"line":39,"column":1}},"line":33},"7":{"name":"(anonymous_7)","decl":{"start":{"line":41,"column":33},"end":{"line":41,"column":34}},"loc":{"start":{"line":41,"column":57},"end":{"line":51,"column":1}},"line":41},"8":{"name":"(anonymous_8)","decl":{"start":{"line":46,"column":12},"end":{"line":46,"column":13}},"loc":{"start":{"line":46,"column":18},"end":{"line":50,"column":5}},"line":46}},"branchMap":{"0":{"loc":{"start":{"line":3,"column":16},"end":{"line":3,"column":49}},"type":"default-arg","locations":[{"start":{"line":3,"column":26},"end":{"line":3,"column":49}}],"line":3},"1":{"loc":{"start":{"line":33,"column":39},"end":{"line":33,"column":51}},"type":"default-arg","locations":[{"start":{"line":33,"column":46},"end":{"line":33,"column":51}}],"line":33},"2":{"loc":{"start":{"line":41,"column":42},"end":{"line":41,"column":54}},"type":"default-arg","locations":[{"start":{"line":41,"column":49},"end":{"line":41,"column":54}}],"line":41}},"s":{"0":1,"1":0,"2":0,"3":0,"4":0,"5":0,"6":0,"7":0,"8":0,"9":0,"10":0,"11":1,"12":0,"13":0,"14":1,"15":0,"16":0,"17":0},"f":{"0":0,"1":0,"2":0,"3":0,"4":0,"5":0,"6":0,"7":0,"8":0},"b":{"0":[0],"1":[0],"2":[0]},"_coverageSchema":"43e27e138ebf9cfc5966b082cf9a028302ed4184","hash":"1f6691b69103b1948b1916b73db69771207477c4"}
}
