TN:
SF:D:\my-blog\docs\.vuepress\components\chimee.vue
FN:1,(anonymous_0)
FN:13,data
FN:18,mounted
FN:31,render
FNF:4
FNH:4
FNDA:1,(anonymous_0)
FNDA:1,data
FNDA:1,mounted
FNDA:1,render
DA:1,1
DA:4,1
DA:11,1
DA:14,1
DA:30,1
DA:31,1
DA:32,1
LF:7
LH:7
BRDA:30,0,0,1
BRDA:30,0,1,0
BRDA:30,1,0,0
BRDA:30,1,1,1
BRDA:31,2,0,1
BRDA:31,2,1,0
BRF:6
BRH:3
end_of_record
TN:
SF:D:\my-blog\docs\.vuepress\components\hello.vue
FN:1,(anonymous_0)
FN:16,mounted
FN:21,add
FN:24,reduce
FN:31,render
FNF:5
FNH:5
FNDA:1,(anonymous_0)
FNDA:1,mounted
FNDA:2,add
FNDA:2,reduce
FNDA:1,render
DA:1,1
DA:4,1
DA:14,1
DA:17,1
DA:18,1
DA:22,2
DA:25,2
DA:30,1
DA:31,1
DA:32,1
LF:10
LH:10
BRDA:30,0,0,1
BRDA:30,0,1,0
BRDA:30,1,0,0
BRDA:30,1,1,1
BRDA:31,2,0,1
BRDA:31,2,1,0
BRF:6
BRH:3
end_of_record
