TN:
SF:D:\my-blog\docs\.vuepress\components\hello.vue
FN:11,mounted
FN:16,add
FN:19,reduce
FNF:3
FNH:3
FNDA:1,mounted
FNDA:2,add
FNDA:2,reduce
DA:12,1
DA:13,1
DA:17,2
DA:20,2
LF:4
LH:4
BRF:0
BRH:0
end_of_record
TN:
SF:D:\my-blog\docs\.vuepress\utils\request.js
FN:3,(anonymous_0)
FN:6,(anonymous_1)
FN:13,(anonymous_2)
FN:14,(anonymous_3)
FN:17,(anonymous_4)
FN:22,(anonymous_5)
FN:33,(anonymous_6)
FN:41,(anonymous_7)
FN:46,(anonymous_8)
FNF:9
FNH:0
FNDA:0,(anonymous_0)
FNDA:0,(anonymous_1)
FNDA:0,(anonymous_2)
FNDA:0,(anonymous_3)
FNDA:0,(anonymous_4)
FNDA:0,(anonymous_5)
FNDA:0,(anonymous_6)
FNDA:0,(anonymous_7)
FNDA:0,(anonymous_8)
DA:1,1
DA:4,0
DA:7,0
DA:14,0
DA:15,0
DA:16,0
DA:18,0
DA:23,0
DA:24,0
DA:25,0
DA:26,0
DA:33,1
DA:34,0
DA:35,0
DA:41,1
DA:42,0
DA:43,0
DA:49,0
LF:18
LH:3
BRDA:3,0,0,0
BRDA:33,1,0,0
BRDA:41,2,0,0
BRF:3
BRH:0
end_of_record
